%%[ ProductName: Distiller ]%%
%%[Page: 1]%%
%%[Page: 2]%%
%%[Page: 3]%%
%%[Page: 4]%%
%%[Page: 5]%%
%%[Page: 6]%%
%%[Page: 7]%%
%%[Page: 8]%%
%%[Page: 9]%%
%%[Page: 10]%%
%%[Page: 11]%%
%%[Page: 12]%%
%%[Page: 13]%%
%%[Page: 14]%%
%%[Page: 15]%%
%%[Page: 16]%%
%%[Page: 17]%%
%%[Page: 18]%%
%%[Page: 19]%%
%%[Page: 20]%%
%%[Page: 21]%%
%%[Page: 22]%%
%%[Page: 23]%%
%%[Page: 24]%%
%%[Page: 25]%%
%%[Page: 26]%%
%%[Page: 27]%%
%%[Page: 28]%%
%%[Page: 29]%%
%%[Page: 30]%%
%%[Page: 31]%%
%%[Page: 32]%%
%%[Page: 33]%%
%%[Page: 34]%%
%%[Page: 35]%%
%%[Page: 36]%%
%%[Page: 37]%%
%%[Page: 38]%%
%%[Page: 39]%%
%%[Page: 40]%%
%%[Page: 41]%%
%%[Page: 42]%%
%%[Page: 43]%%
%%[Page: 44]%%
%%[Page: 45]%%
%%[Page: 46]%%
%%[Page: 47]%%
%%[Page: 48]%%
%%[Page: 49]%%
%%[Page: 50]%%
%%[LastPage]%%

<PDFX ISO="15930-1:2001" COMPLIANT="false">

PDF/X Compliance Report

1.  Bounding Boxes

   [Violation] Both TrimBoxes and ArtBoxes were found on the following pages:
      Page 1, Occurrences: 1
      Page 2, Occurrences: 1
      Page 3, Occurrences: 1
      Page 4, Occurrences: 1
      Page 5, Occurrences: 1
      Page 6, Occurrences: 1
      Page 7, Occurrences: 1
      Page 8, Occurrences: 1
      Page 9, Occurrences: 1
      Page 10, Occurrences: 1
      Page 11, Occurrences: 1
      Page 12, Occurrences: 1
      Page 13, Occurrences: 1
      Page 14, Occurrences: 1
      Page 15, Occurrences: 1
      Page 16, Occurrences: 1
      Page 17, Occurrences: 1
      Page 18, Occurrences: 1
      Page 19, Occurrences: 1
      Page 20, Occurrences: 1
      Page 21, Occurrences: 1
      Page 22, Occurrences: 1
      Page 23, Occurrences: 1
      Page 24, Occurrences: 1
      Page 25, Occurrences: 1
      Page 26, Occurrences: 1
      Page 27, Occurrences: 1
      Page 28, Occurrences: 1
      Page 29, Occurrences: 1
      Page 30, Occurrences: 1
      Page 31, Occurrences: 1
      Page 32, Occurrences: 1
      Page 33, Occurrences: 1
      Page 34, Occurrences: 1
      Page 35, Occurrences: 1
      Page 36, Occurrences: 1
      Page 37, Occurrences: 1
      Page 38, Occurrences: 1
      Page 39, Occurrences: 1
      Page 40, Occurrences: 1
      Page 41, Occurrences: 1
      Page 42, Occurrences: 1
      Page 43, Occurrences: 1
      Page 44, Occurrences: 1
      Page 45, Occurrences: 1
      Page 46, Occurrences: 1
      Page 47, Occurrences: 1
      Page 48, Occurrences: 1
      Page 49, Occurrences: 1
      Page 50, Occurrences: 1
   Violations: The total found in this section was 50.

2.  Summary

   Warnings: The total found in this document was 0.
   Violations: The total found in this document was 50.

   This document does not pass PDF/X-1a:2001 compliance checks.

</PDFX>

%%[ Warning: Did not pass PDF/X compliance tests. No PDF file produced. ] %%
